<?xml version="1.0" encoding="UTF-8"?>
<!-- Generated by org.testng.reporters.JUnitReportReporter -->
<testsuite hostname="DESKTOP-F2ERV7K" failures="0" tests="1" name="qaclickacademy.Mavenjava.APImavenTest" time="0.000" errors="0" timestamp="2022-02-13T17:14:11 IST" skipped="0">
  <testcase classname="qaclickacademy.Mavenjava.APImavenTest" name="APIMavne" time="0.000"/>
  <system-out/>
</testsuite> <!-- qaclickacademy.Mavenjava.APImavenTest -->
